<?xml version="1.0" encoding="UTF-8"?>
<!-- Generated by org.testng.reporters.JUnitReportReporter -->
<testsuite hostname="Cibhichakaravarthi" failures="0" tests="4" name="CommonRunner.SignupTest" time="56.472" errors="0" timestamp="2024-07-10T21:56:58 IST" skipped="0">
  <testcase classname="CommonRunner.SignupTest" name="positiveSignupScenario" time="21.562">
    <system-out>
      <![CDATA[<img src= C:\Users\cibhi\eclipse-workspace\Project_SpiceJet\screenshots\positiveSignupScenario.png width = 200px height=200px />]]>
    </system-out>
  </testcase> <!-- positiveSignupScenario -->
  <testcase classname="CommonRunner.SignupTest" name="invalidEmailSignupScenario" time="11.201">
    <system-out>
      <![CDATA[<img src= C:\Users\cibhi\eclipse-workspace\Project_SpiceJet\screenshots\invalidEmailSignupScenario.png width = 200px height=200px />]]>
    </system-out>
  </testcase> <!-- invalidEmailSignupScenario -->
  <testcase classname="CommonRunner.SignupTest" name="mismatchedPasswordSignupScenario" time="13.432">
    <system-out>
      <![CDATA[<img src= C:\Users\cibhi\eclipse-workspace\Project_SpiceJet\screenshots\mismatchedPasswordSignupScenario.png width = 200px height=200px />]]>
    </system-out>
  </testcase> <!-- mismatchedPasswordSignupScenario -->
  <testcase classname="CommonRunner.SignupTest" name="emptyFieldsSignupScenario" time="10.277">
    <system-out>
      <![CDATA[<img src= C:\Users\cibhi\eclipse-workspace\Project_SpiceJet\screenshots\emptyFieldsSignupScenario.png width = 200px height=200px />]]>
    </system-out>
  </testcase> <!-- emptyFieldsSignupScenario -->
  <system-out>
    <![CDATA[<img src= C:\Users\cibhi\eclipse-workspace\Project_SpiceJet\screenshots\positiveSignupScenario.png width = 200px height=200px />
<img src= C:\Users\cibhi\eclipse-workspace\Project_SpiceJet\screenshots\invalidEmailSignupScenario.png width = 200px height=200px />
<img src= C:\Users\cibhi\eclipse-workspace\Project_SpiceJet\screenshots\mismatchedPasswordSignupScenario.png width = 200px height=200px />
<img src= C:\Users\cibhi\eclipse-workspace\Project_SpiceJet\screenshots\emptyFieldsSignupScenario.png width = 200px height=200px />
<img src= C:\Users\cibhi\eclipse-workspace\Project_SpiceJet\screenshots\positiveLoginScenario.png width = 200px height=200px />
<img src= C:\Users\cibhi\eclipse-workspace\Project_SpiceJet\screenshots\invalidEmailLoginScenario.png width = 200px height=200px />
<img src= C:\Users\cibhi\eclipse-workspace\Project_SpiceJet\screenshots\invalidPasswordLoginScenario.png width = 200px height=200px />
<img src= C:\Users\cibhi\eclipse-workspace\Project_SpiceJet\screenshots\emptyFieldsLoginScenario.png width = 200px height=200px />
<img src= C:\Users\cibhi\eclipse-workspace\Project_SpiceJet\screenshots\negativeOneWayBookingScenario.png width = 200px height=200px />
<img src= C:\Users\cibhi\eclipse-workspace\Project_SpiceJet\screenshots\positiveOneWayBookingScenario.png width = 200px height=200px />
<img src= C:\Users\cibhi\eclipse-workspace\Project_SpiceJet\screenshots\negativeRoundTripBookingScenario.png width = 200px height=200px />
<img src= C:\Users\cibhi\eclipse-workspace\Project_SpiceJet\screenshots\positiveRoundTripBookingScenario.png width = 200px height=200px />
<img src= C:\Users\cibhi\eclipse-workspace\Project_SpiceJet\screenshots\validateBookingPage.png width = 200px height=200px />
<img src= C:\Users\cibhi\eclipse-workspace\Project_SpiceJet\screenshots\testPaymentProcess.png width = 200px height=200px />]]>
  </system-out>
</testsuite> <!-- CommonRunner.SignupTest -->
