<?xml version="1.0" encoding="UTF-8"?>
<!-- Generated by org.testng.reporters.JUnitReportReporter -->
<testsuite hostname="Cibhichakaravarthi" failures="0" tests="2" name="CommonRunner.RoundTripBookingTest" time="57.247" errors="0" timestamp="2024-07-10T21:56:58 IST" skipped="0">
  <testcase classname="CommonRunner.RoundTripBookingTest" name="negativeRoundTripBookingScenario" time="8.107">
    <system-out>
      <![CDATA[<img src= C:\Users\cibhi\eclipse-workspace\Project_SpiceJet\screenshots\negativeRoundTripBookingScenario.png width = 200px height=200px />]]>
    </system-out>
  </testcase> <!-- negativeRoundTripBookingScenario -->
  <testcase classname="CommonRunner.RoundTripBookingTest" name="positiveRoundTripBookingScenario" time="49.140">
    <system-out>
      <![CDATA[<img src= C:\Users\cibhi\eclipse-workspace\Project_SpiceJet\screenshots\positiveRoundTripBookingScenario.png width = 200px height=200px />]]>
    </system-out>
  </testcase> <!-- positiveRoundTripBookingScenario -->
  <system-out>
    <![CDATA[<img src= C:\Users\cibhi\eclipse-workspace\Project_SpiceJet\screenshots\positiveSignupScenario.png width = 200px height=200px />
<img src= C:\Users\cibhi\eclipse-workspace\Project_SpiceJet\screenshots\invalidEmailSignupScenario.png width = 200px height=200px />
<img src= C:\Users\cibhi\eclipse-workspace\Project_SpiceJet\screenshots\mismatchedPasswordSignupScenario.png width = 200px height=200px />
<img src= C:\Users\cibhi\eclipse-workspace\Project_SpiceJet\screenshots\emptyFieldsSignupScenario.png width = 200px height=200px />
<img src= C:\Users\cibhi\eclipse-workspace\Project_SpiceJet\screenshots\positiveLoginScenario.png width = 200px height=200px />
<img src= C:\Users\cibhi\eclipse-workspace\Project_SpiceJet\screenshots\invalidEmailLoginScenario.png width = 200px height=200px />
<img src= C:\Users\cibhi\eclipse-workspace\Project_SpiceJet\screenshots\invalidPasswordLoginScenario.png width = 200px height=200px />
<img src= C:\Users\cibhi\eclipse-workspace\Project_SpiceJet\screenshots\emptyFieldsLoginScenario.png width = 200px height=200px />
<img src= C:\Users\cibhi\eclipse-workspace\Project_SpiceJet\screenshots\negativeOneWayBookingScenario.png width = 200px height=200px />
<img src= C:\Users\cibhi\eclipse-workspace\Project_SpiceJet\screenshots\positiveOneWayBookingScenario.png width = 200px height=200px />
<img src= C:\Users\cibhi\eclipse-workspace\Project_SpiceJet\screenshots\negativeRoundTripBookingScenario.png width = 200px height=200px />
<img src= C:\Users\cibhi\eclipse-workspace\Project_SpiceJet\screenshots\positiveRoundTripBookingScenario.png width = 200px height=200px />
<img src= C:\Users\cibhi\eclipse-workspace\Project_SpiceJet\screenshots\validateBookingPage.png width = 200px height=200px />
<img src= C:\Users\cibhi\eclipse-workspace\Project_SpiceJet\screenshots\testPaymentProcess.png width = 200px height=200px />]]>
  </system-out>
</testsuite> <!-- CommonRunner.RoundTripBookingTest -->
