<?xml version="1.0" encoding="UTF-8"?>
<!-- Generated by org.testng.reporters.JUnitReportReporter -->
<testsuite hostname="Cibhichakaravarthi" failures="0" tests="2" name="CommonRunner.OneWayBookingTest" time="69.958" errors="0" timestamp="2024-07-10T22:12:02 IST" skipped="0">
  <testcase classname="CommonRunner.OneWayBookingTest" name="negativeOneWayBookingScenario" time="22.874">
    <system-out>
      <![CDATA[<img src= C:\Users\cibhi\eclipse-workspace\Project_SpiceJet\screenshots\negativeOneWayBookingScenario.png width = 200px height=200px />]]>
    </system-out>
  </testcase> <!-- negativeOneWayBookingScenario -->
  <testcase classname="CommonRunner.OneWayBookingTest" name="positiveOneWayBookingScenario" time="47.084">
    <system-out>
      <![CDATA[<img src= C:\Users\cibhi\eclipse-workspace\Project_SpiceJet\screenshots\positiveOneWayBookingScenario.png width = 200px height=200px />]]>
    </system-out>
  </testcase> <!-- positiveOneWayBookingScenario -->
  <system-out>
    <![CDATA[<img src= C:\Users\cibhi\eclipse-workspace\Project_SpiceJet\screenshots\positiveSignupScenario.png width = 200px height=200px />
<img src= C:\Users\cibhi\eclipse-workspace\Project_SpiceJet\screenshots\invalidEmailSignupScenario.png width = 200px height=200px />
<img src= C:\Users\cibhi\eclipse-workspace\Project_SpiceJet\screenshots\mismatchedPasswordSignupScenario.png width = 200px height=200px />
<img src= C:\Users\cibhi\eclipse-workspace\Project_SpiceJet\screenshots\emptyFieldsSignupScenario.png width = 200px height=200px />
<img src= C:\Users\cibhi\eclipse-workspace\Project_SpiceJet\screenshots\positiveLoginScenario.png width = 200px height=200px />
<img src= C:\Users\cibhi\eclipse-workspace\Project_SpiceJet\screenshots\invalidEmailLoginScenario.png width = 200px height=200px />
<img src= C:\Users\cibhi\eclipse-workspace\Project_SpiceJet\screenshots\invalidPasswordLoginScenario.png width = 200px height=200px />
<img src= C:\Users\cibhi\eclipse-workspace\Project_SpiceJet\screenshots\emptyFieldsLoginScenario.png width = 200px height=200px />
<img src= C:\Users\cibhi\eclipse-workspace\Project_SpiceJet\screenshots\negativeOneWayBookingScenario.png width = 200px height=200px />
<img src= C:\Users\cibhi\eclipse-workspace\Project_SpiceJet\screenshots\positiveOneWayBookingScenario.png width = 200px height=200px />
<img src= C:\Users\cibhi\eclipse-workspace\Project_SpiceJet\screenshots\negativeRoundTripBookingScenario.png width = 200px height=200px />
<img src= C:\Users\cibhi\eclipse-workspace\Project_SpiceJet\screenshots\positiveRoundTripBookingScenario.png width = 200px height=200px />
<img src= C:\Users\cibhi\eclipse-workspace\Project_SpiceJet\screenshots\validateBookingPage.png width = 200px height=200px />
<img src= C:\Users\cibhi\eclipse-workspace\Project_SpiceJet\screenshots\testPaymentProcess.png width = 200px height=200px />]]>
  </system-out>
</testsuite> <!-- CommonRunner.OneWayBookingTest -->
