<?xml version="1.0" encoding="UTF-8"?>
<!-- Generated by org.testng.reporters.JUnitReportReporter -->
<testsuite hostname="Cibhichakaravarthi" failures="0" tests="4" name="CommonRunner.LoginTest" time="29.882" errors="0" timestamp="2024-07-10T22:12:02 IST" skipped="0">
  <testcase classname="CommonRunner.LoginTest" name="positiveLoginScenario" time="9.513">
    <system-out>
      <![CDATA[<img src= C:\Users\cibhi\eclipse-workspace\Project_SpiceJet\screenshots\positiveLoginScenario.png width = 200px height=200px />]]>
    </system-out>
  </testcase> <!-- positiveLoginScenario -->
  <testcase classname="CommonRunner.LoginTest" name="invalidEmailLoginScenario" time="7.088">
    <system-out>
      <![CDATA[<img src= C:\Users\cibhi\eclipse-workspace\Project_SpiceJet\screenshots\invalidEmailLoginScenario.png width = 200px height=200px />]]>
    </system-out>
  </testcase> <!-- invalidEmailLoginScenario -->
  <testcase classname="CommonRunner.LoginTest" name="invalidPasswordLoginScenario" time="6.156">
    <system-out>
      <![CDATA[<img src= C:\Users\cibhi\eclipse-workspace\Project_SpiceJet\screenshots\invalidPasswordLoginScenario.png width = 200px height=200px />]]>
    </system-out>
  </testcase> <!-- invalidPasswordLoginScenario -->
  <testcase classname="CommonRunner.LoginTest" name="emptyFieldsLoginScenario" time="7.125">
    <system-out>
      <![CDATA[<img src= C:\Users\cibhi\eclipse-workspace\Project_SpiceJet\screenshots\emptyFieldsLoginScenario.png width = 200px height=200px />]]>
    </system-out>
  </testcase> <!-- emptyFieldsLoginScenario -->
  <system-out>
    <![CDATA[<img src= C:\Users\cibhi\eclipse-workspace\Project_SpiceJet\screenshots\positiveSignupScenario.png width = 200px height=200px />
<img src= C:\Users\cibhi\eclipse-workspace\Project_SpiceJet\screenshots\invalidEmailSignupScenario.png width = 200px height=200px />
<img src= C:\Users\cibhi\eclipse-workspace\Project_SpiceJet\screenshots\mismatchedPasswordSignupScenario.png width = 200px height=200px />
<img src= C:\Users\cibhi\eclipse-workspace\Project_SpiceJet\screenshots\emptyFieldsSignupScenario.png width = 200px height=200px />
<img src= C:\Users\cibhi\eclipse-workspace\Project_SpiceJet\screenshots\positiveLoginScenario.png width = 200px height=200px />
<img src= C:\Users\cibhi\eclipse-workspace\Project_SpiceJet\screenshots\invalidEmailLoginScenario.png width = 200px height=200px />
<img src= C:\Users\cibhi\eclipse-workspace\Project_SpiceJet\screenshots\invalidPasswordLoginScenario.png width = 200px height=200px />
<img src= C:\Users\cibhi\eclipse-workspace\Project_SpiceJet\screenshots\emptyFieldsLoginScenario.png width = 200px height=200px />
<img src= C:\Users\cibhi\eclipse-workspace\Project_SpiceJet\screenshots\negativeOneWayBookingScenario.png width = 200px height=200px />
<img src= C:\Users\cibhi\eclipse-workspace\Project_SpiceJet\screenshots\positiveOneWayBookingScenario.png width = 200px height=200px />
<img src= C:\Users\cibhi\eclipse-workspace\Project_SpiceJet\screenshots\negativeRoundTripBookingScenario.png width = 200px height=200px />
<img src= C:\Users\cibhi\eclipse-workspace\Project_SpiceJet\screenshots\positiveRoundTripBookingScenario.png width = 200px height=200px />
<img src= C:\Users\cibhi\eclipse-workspace\Project_SpiceJet\screenshots\validateBookingPage.png width = 200px height=200px />
<img src= C:\Users\cibhi\eclipse-workspace\Project_SpiceJet\screenshots\testPaymentProcess.png width = 200px height=200px />]]>
  </system-out>
</testsuite> <!-- CommonRunner.LoginTest -->
